<?xml version="1.0" encoding="UTF-8"?>
<!-- Generated by org.testng.reporters.JUnitXMLReporter -->
<testsuite hostname="DESKTOP-OLUS7NO" ignored="0" name="Default test" tests="7" failures="0" timestamp="12 Jul 2023 19:42:31 GMT" time="10.1" errors="0">
  <testcase name="login" time="6.407" classname="com.api.Sample"/>
  <testcase name="getStateList" time="0.575" classname="com.api.Sample"/>
  <testcase name="getCityList" time="1.052" classname="com.api.Sample"/>
  <testcase name="addUserAddress" time="0.528" classname="com.api.Sample"/>
  <testcase name="UpdateAddress" time="0.502" classname="com.api.Sample"/>
  <testcase name="getAddress" time="0.489" classname="com.api.Sample"/>
  <testcase name="deleteAddress" time="0.473" classname="com.api.Sample"/>
</testsuite> <!-- Default test -->
