<?xml version="1.0" encoding="UTF-8"?>
<testng-results skipped="0" failed="0" ignored="0" total="7" passed="7">
  <reporter-output>
  </reporter-output>
  <suite name="Default suite" duration-ms="10100" started-at="2023-07-12T19:42:21Z" finished-at="2023-07-12T19:42:31Z">
    <groups>
    </groups>
    <test name="Default test" duration-ms="10100" started-at="2023-07-12T19:42:21Z" finished-at="2023-07-12T19:42:31Z">
      <class name="com.api.Sample">
        <test-method status="PASS" signature="login()[pri:1, instance:com.api.Sample@5c7fa833]" name="login" duration-ms="6407" started-at="2023-07-13T01:12:21Z" finished-at="2023-07-13T01:12:27Z">
          <reporter-output>
          </reporter-output>
        </test-method> <!-- login -->
        <test-method status="PASS" signature="getStateList()[pri:2, instance:com.api.Sample@5c7fa833]" name="getStateList" duration-ms="575" started-at="2023-07-13T01:12:27Z" finished-at="2023-07-13T01:12:28Z">
          <reporter-output>
          </reporter-output>
        </test-method> <!-- getStateList -->
        <test-method status="PASS" signature="getCityList()[pri:3, instance:com.api.Sample@5c7fa833]" name="getCityList" duration-ms="1052" started-at="2023-07-13T01:12:28Z" finished-at="2023-07-13T01:12:29Z">
          <reporter-output>
          </reporter-output>
        </test-method> <!-- getCityList -->
        <test-method status="PASS" signature="addUserAddress()[pri:4, instance:com.api.Sample@5c7fa833]" name="addUserAddress" duration-ms="528" started-at="2023-07-13T01:12:29Z" finished-at="2023-07-13T01:12:29Z">
          <reporter-output>
          </reporter-output>
        </test-method> <!-- addUserAddress -->
        <test-method status="PASS" signature="UpdateAddress()[pri:5, instance:com.api.Sample@5c7fa833]" name="UpdateAddress" duration-ms="502" started-at="2023-07-13T01:12:29Z" finished-at="2023-07-13T01:12:30Z">
          <reporter-output>
          </reporter-output>
        </test-method> <!-- UpdateAddress -->
        <test-method status="PASS" signature="getAddress()[pri:6, instance:com.api.Sample@5c7fa833]" name="getAddress" duration-ms="489" started-at="2023-07-13T01:12:30Z" finished-at="2023-07-13T01:12:30Z">
          <reporter-output>
          </reporter-output>
        </test-method> <!-- getAddress -->
        <test-method status="PASS" signature="deleteAddress()[pri:7, instance:com.api.Sample@5c7fa833]" name="deleteAddress" duration-ms="473" started-at="2023-07-13T01:12:30Z" finished-at="2023-07-13T01:12:31Z">
          <reporter-output>
          </reporter-output>
        </test-method> <!-- deleteAddress -->
      </class> <!-- com.api.Sample -->
    </test> <!-- Default test -->
  </suite> <!-- Default suite -->
</testng-results>
